2018-04-19T11:31:11.385Z - info: User function triggered, starting execution
2018-04-19T11:31:12.155Z - info: Making request to /wp-json/wp/v2/users/me?context=edit
2018-04-19T11:31:12.194Z - info: Execution took 831 ms, finished with status: 'crash'
2018-04-19T11:31:15.790Z - info: User function triggered, starting execution
2018-04-19T11:31:16.034Z - info: Making request to /wp-json/wp/v2/users/me?context=edit
2018-04-19T11:31:16.726Z - error: 
[31m[vue-server-renderer] Component PurchaseItem implemented serverCacheKey, but no cache was provided to the renderer.[39m

2018-04-19T11:31:16.782Z - info: Execution took 994 ms, user function completed successfully
2018-04-19T11:31:55.007Z - info: User function triggered, starting execution
2018-04-19T11:31:55.017Z - info: Making request to /wp-json/wp/v2/users/me?context=edit
2018-04-19T11:31:59.820Z - error: 
[31m[vue-server-renderer] Component PurchaseItem implemented serverCacheKey, but no cache was provided to the renderer.[39m

2018-04-19T11:31:59.858Z - info: Execution took 4851 ms, user function completed successfully
2018-04-19T11:31:59.943Z - info: User function triggered, starting execution
User function triggered, starting execution
User function triggered, starting execution
User function triggered, starting execution
2018-04-19T11:31:59.943Z - info: Making request to /wp-json/wp/v2/users/me?context=edit
2018-04-19T11:31:59.951Z - info: Making request to /wp-json/wp/v2/users/me?context=edit
2018-04-19T11:31:59.953Z - info: Making request to /wp-json/wp/v2/users/me?context=edit
2018-04-19T11:31:59.958Z - info: Making request to /wp-json/wp/v2/users/me?context=edit
2018-04-19T11:31:59.960Z - info: User function triggered, starting execution
2018-04-19T11:31:59.999Z - info: Making request to /wp-json/wp/v2/users/me?context=edit
2018-04-19T11:32:00.080Z - info: User function triggered, starting execution
2018-04-19T11:32:00.083Z - info: Making request to /wp-json/wp/v2/users/me?context=edit
2018-04-19T11:32:04.594Z - error: 
[31m[vue-server-renderer] Component PurchaseItem implemented serverCacheKey, but no cache was provided to the renderer.[39m

2018-04-19T11:32:04.627Z - error: 
[31m[vue-server-renderer] Component PurchaseItem implemented serverCacheKey, but no cache was provided to the renderer.[39m

2018-04-19T11:32:04.662Z - error: 
[31m[vue-server-renderer] Component PurchaseItem implemented serverCacheKey, but no cache was provided to the renderer.[39m

2018-04-19T11:32:04.688Z - error: 
[31m[vue-server-renderer] Component PurchaseItem implemented serverCacheKey, but no cache was provided to the renderer.[39m

2018-04-19T11:32:04.715Z - error: 
[31m[vue-server-renderer] Component PurchaseItem implemented serverCacheKey, but no cache was provided to the renderer.[39m

2018-04-19T11:32:04.743Z - error: 
[31m[vue-server-renderer] Component PurchaseItem implemented serverCacheKey, but no cache was provided to the renderer.[39m

2018-04-19T11:32:04.888Z - info: Execution took 4950 ms, user function completed successfully
2018-04-19T11:32:04.890Z - info: Execution took 4951 ms, user function completed successfully
2018-04-19T11:32:04.893Z - info: Execution took 4953 ms, user function completed successfully
2018-04-19T11:32:04.893Z - info: Execution took 4956 ms, user function completed successfully
Execution took 4933 ms, user function completed successfully
2018-04-19T11:32:04.894Z - info: User function triggered, starting execution
2018-04-19T11:32:04.898Z - info: Making request to /wp-json/wp/v2/users/me?context=edit
2018-04-19T11:32:04.901Z - info: User function triggered, starting execution
User function triggered, starting execution
2018-04-19T11:32:04.901Z - info: User function triggered, starting execution
2018-04-19T11:32:04.905Z - info: User function triggered, starting execution
2018-04-19T11:32:04.915Z - info: Execution took 4834 ms, user function completed successfully
2018-04-19T11:32:04.918Z - info: Making request to /wp-json/wp/v2/users/me?context=edit
2018-04-19T11:32:04.921Z - info: Making request to /wp-json/wp/v2/users/me?context=edit
2018-04-19T11:32:04.925Z - info: Making request to /wp-json/wp/v2/users/me?context=edit
2018-04-19T11:32:04.928Z - info: Making request to /wp-json/wp/v2/users/me?context=edit
2018-04-19T11:32:04.930Z - info: User function triggered, starting execution
2018-04-19T11:32:04.933Z - info: Making request to /wp-json/wp/v2/users/me?context=edit
2018-04-19T11:32:06.089Z - info: Execution took 1189 ms, user function completed successfully
2018-04-19T11:32:06.106Z - error: 
[31m[vue-server-renderer] Component PurchaseItem implemented serverCacheKey, but no cache was provided to the renderer.[39m

2018-04-19T11:32:06.131Z - error: 
[31m[vue-server-renderer] Component PurchaseItem implemented serverCacheKey, but no cache was provided to the renderer.[39m

2018-04-19T11:32:06.154Z - error: 
[31m[vue-server-renderer] Component PurchaseItem implemented serverCacheKey, but no cache was provided to the renderer.[39m

2018-04-19T11:32:06.167Z - info: Execution took 1266 ms, user function completed successfully
2018-04-19T11:32:06.180Z - error: 
[31m[vue-server-renderer] Component PurchaseItem implemented serverCacheKey, but no cache was provided to the renderer.[39m

2018-04-19T11:32:06.200Z - info: User function triggered, starting execution
2018-04-19T11:32:06.211Z - info: Making request to /wp-json/wp/v2/users/me?context=edit
2018-04-19T11:32:06.214Z - info: Execution took 1307 ms, user function completed successfully
Execution took 1313 ms, user function completed successfully
2018-04-19T11:32:06.221Z - info: Execution took 1325 ms, user function completed successfully
Execution took 1290 ms, user function completed successfully
2018-04-19T11:32:06.241Z - info: User function triggered, starting execution
2018-04-19T11:32:06.242Z - info: Making request to /wp-json/wp/v2/users/me?context=edit
2018-04-19T11:32:06.243Z - info: User function triggered, starting execution
2018-04-19T11:32:06.244Z - info: User function triggered, starting execution
2018-04-19T11:32:06.244Z - info: User function triggered, starting execution
2018-04-19T11:32:06.245Z - info: Making request to /wp-json/wp/v2/users/me?context=edit
2018-04-19T11:32:06.248Z - info: Making request to /wp-json/wp/v2/users/me?context=edit
2018-04-19T11:32:06.250Z - info: Making request to /wp-json/wp/v2/users/me?context=edit
2018-04-19T11:32:06.713Z - error: 
[31m[vue-server-renderer] Component PurchaseItem implemented serverCacheKey, but no cache was provided to the renderer.[39m

2018-04-19T11:32:06.740Z - error: 
[31m[vue-server-renderer] Component PurchaseItem implemented serverCacheKey, but no cache was provided to the renderer.[39m

2018-04-19T11:32:06.764Z - error: 
[31m[vue-server-renderer] Component PurchaseItem implemented serverCacheKey, but no cache was provided to the renderer.[39m

2018-04-19T11:32:06.776Z - info: Execution took 535 ms, user function completed successfully
2018-04-19T11:32:06.790Z - error: 
[31m[vue-server-renderer] Component PurchaseItem implemented serverCacheKey, but no cache was provided to the renderer.[39m

2018-04-19T11:32:06.810Z - info: Execution took 610 ms, user function completed successfully
2018-04-19T11:32:06.820Z - info: Execution took 572 ms, user function completed successfully
Execution took 573 ms, user function completed successfully
Execution took 574 ms, user function completed successfully
2018-04-19T11:32:06.854Z - info: User function triggered, starting execution
2018-04-19T11:32:06.855Z - info: User function triggered, starting execution
2018-04-19T11:32:06.855Z - info: User function triggered, starting execution
2018-04-19T11:32:06.857Z - info: Making request to /wp-json/wp/v2/users/me?context=edit
2018-04-19T11:32:06.862Z - info: Making request to /wp-json/wp/v2/users/me?context=edit
2018-04-19T11:32:06.866Z - info: Making request to /wp-json/wp/v2/users/me?context=edit
2018-04-19T11:32:06.868Z - info: User function triggered, starting execution
2018-04-19T11:32:06.869Z - info: User function triggered, starting execution
2018-04-19T11:32:06.871Z - info: Making request to /wp-json/wp/v2/users/me?context=edit
2018-04-19T11:32:06.872Z - info: User function triggered, starting execution
2018-04-19T11:32:06.875Z - info: Making request to /wp-json/wp/v2/users/me?context=edit
2018-04-19T11:32:06.878Z - info: Making request to /wp-json/wp/v2/users/me?context=edit
2018-04-19T11:32:07.484Z - error: 
[31m[vue-server-renderer] Component PurchaseItem implemented serverCacheKey, but no cache was provided to the renderer.[39m

2018-04-19T11:32:07.503Z - info: Execution took 630 ms, user function completed successfully
2018-04-19T11:32:07.511Z - error: 
[31m[vue-server-renderer] Component PurchaseItem implemented serverCacheKey, but no cache was provided to the renderer.[39m

2018-04-19T11:32:07.539Z - error: 
[31m[vue-server-renderer] Component PurchaseItem implemented serverCacheKey, but no cache was provided to the renderer.[39m

2018-04-19T11:32:07.552Z - info: Execution took 683 ms, user function completed successfully
2018-04-19T11:32:07.608Z - info: User function triggered, starting execution
2018-04-19T11:32:07.609Z - info: User function triggered, starting execution
2018-04-19T11:32:07.617Z - info: Making request to /wp-json/wp/v2/users/me?context=edit
2018-04-19T11:32:07.622Z - info: Making request to /wp-json/wp/v2/users/me?context=edit
2018-04-19T11:32:07.623Z - info: Execution took 768 ms, user function completed successfully
Execution took 768 ms, user function completed successfully
2018-04-19T11:32:07.625Z - info: Execution took 755 ms, user function completed successfully
2018-04-19T11:32:07.638Z - info: User function triggered, starting execution
2018-04-19T11:32:07.641Z - info: Making request to /wp-json/wp/v2/users/me?context=edit
2018-04-19T11:32:07.643Z - info: User function triggered, starting execution
2018-04-19T11:32:07.643Z - info: User function triggered, starting execution
2018-04-19T11:32:07.645Z - info: Making request to /wp-json/wp/v2/users/me?context=edit
2018-04-19T11:32:07.652Z - info: Making request to /wp-json/wp/v2/users/me?context=edit
2018-04-19T11:32:07.667Z - error: 
[31m[vue-server-renderer] Component PurchaseItem implemented serverCacheKey, but no cache was provided to the renderer.[39m

2018-04-19T11:32:07.697Z - info: Execution took 843 ms, user function completed successfully
2018-04-19T11:32:08.280Z - error: 
[31m[vue-server-renderer] Component PurchaseItem implemented serverCacheKey, but no cache was provided to the renderer.[39m

2018-04-19T11:32:08.301Z - error: 
[31m[vue-server-renderer] Component PurchaseItem implemented serverCacheKey, but no cache was provided to the renderer.[39m

2018-04-19T11:32:08.320Z - info: Execution took 683 ms, user function completed successfully
2018-04-19T11:32:08.330Z - error: 
[31m[vue-server-renderer] Component PurchaseItem implemented serverCacheKey, but no cache was provided to the renderer.[39m

2018-04-19T11:32:08.343Z - info: Execution took 699 ms, user function completed successfully
2018-04-19T11:32:08.351Z - info: Execution took 741 ms, user function completed successfully
Execution took 740 ms, user function completed successfully
2018-04-19T11:32:08.352Z - info: Execution took 709 ms, user function completed successfully
2018-04-19T11:32:08.364Z - info: User function triggered, starting execution
2018-04-19T11:32:08.370Z - info: Making request to /wp-json/wp/v2/users/me?context=edit
2018-04-19T11:32:09.005Z - error: 
[31m[vue-server-renderer] Component PurchaseItem implemented serverCacheKey, but no cache was provided to the renderer.[39m

2018-04-19T11:32:09.030Z - info: Execution took 666 ms, user function completed successfully
2018-04-19T11:32:09.035Z - info: User function triggered, starting execution
2018-04-19T11:32:09.036Z - info: Making request to /wp-json/wp/v2/users/me?context=edit
2018-04-19T11:32:09.428Z - error: 
[31m[vue-server-renderer] Component PurchaseItem implemented serverCacheKey, but no cache was provided to the renderer.[39m

2018-04-19T11:32:09.454Z - info: Execution took 419 ms, user function completed successfully
2018-04-19T11:32:13.776Z - info: User function triggered, starting execution
2018-04-19T11:32:13.781Z - info: Making request to /wp-json/wp/v2/users/me?context=edit
2018-04-19T11:32:14.232Z - error: 
[31m[vue-server-renderer] Component PurchaseItem implemented serverCacheKey, but no cache was provided to the renderer.[39m

2018-04-19T11:32:14.261Z - info: Execution took 484 ms, user function completed successfully
2018-04-19T11:32:14.351Z - info: User function triggered, starting execution
User function triggered, starting execution
Making request to /wp-json/wp/v2/users/me?context=edit
2018-04-19T11:32:14.353Z - info: Making request to /wp-json/wp/v2/users/me?context=edit
User function triggered, starting execution
User function triggered, starting execution
Making request to /wp-json/wp/v2/users/me?context=edit
Making request to /wp-json/wp/v2/users/me?context=edit
2018-04-19T11:32:14.353Z - info: User function triggered, starting execution
2018-04-19T11:32:14.357Z - info: Making request to /wp-json/wp/v2/users/me?context=edit
2018-04-19T11:32:14.774Z - info: User function triggered, starting execution
2018-04-19T11:32:14.776Z - info: Making request to /wp-json/wp/v2/users/me?context=edit
2018-04-19T11:32:14.839Z - error: 
[31m[vue-server-renderer] Component PurchaseItem implemented serverCacheKey, but no cache was provided to the renderer.[39m

2018-04-19T11:32:14.901Z - error: 
[31m[vue-server-renderer] Component PurchaseItem implemented serverCacheKey, but no cache was provided to the renderer.[39m

2018-04-19T11:32:14.924Z - error: 
[31m[vue-server-renderer] Component PurchaseItem implemented serverCacheKey, but no cache was provided to the renderer.[39m

2018-04-19T11:32:14.946Z - error: 
[31m[vue-server-renderer] Component PurchaseItem implemented serverCacheKey, but no cache was provided to the renderer.[39m

2018-04-19T11:32:15.073Z - error: 
[31m[vue-server-renderer] Component PurchaseItem implemented serverCacheKey, but no cache was provided to the renderer.[39m

2018-04-19T11:32:15.084Z - info: User function triggered, starting execution
2018-04-19T11:32:15.085Z - info: User function triggered, starting execution
2018-04-19T11:32:15.085Z - info: User function triggered, starting execution
2018-04-19T11:32:15.088Z - info: Execution took 756 ms, user function completed successfully
2018-04-19T11:32:15.089Z - info: Execution took 736 ms, user function completed successfully
2018-04-19T11:32:15.090Z - info: Execution took 758 ms, user function completed successfully
2018-04-19T11:32:15.094Z - info: Making request to /wp-json/wp/v2/users/me?context=edit
2018-04-19T11:32:15.098Z - info: Making request to /wp-json/wp/v2/users/me?context=edit
2018-04-19T11:32:15.102Z - info: Making request to /wp-json/wp/v2/users/me?context=edit
2018-04-19T11:32:15.103Z - info: User function triggered, starting execution
2018-04-19T11:32:15.122Z - info: Execution took 781 ms, user function completed successfully
2018-04-19T11:32:15.131Z - info: Making request to /wp-json/wp/v2/users/me?context=edit
2018-04-19T11:32:15.135Z - info: User function triggered, starting execution
2018-04-19T11:32:15.140Z - info: Execution took 800 ms, user function completed successfully
2018-04-19T11:32:15.143Z - info: Making request to /wp-json/wp/v2/users/me?context=edit
2018-04-19T11:32:15.233Z - error: 
[31m[vue-server-renderer] Component PurchaseItem implemented serverCacheKey, but no cache was provided to the renderer.[39m

2018-04-19T11:32:15.279Z - info: Execution took 506 ms, user function completed successfully
2018-04-19T11:32:15.296Z - info: User function triggered, starting execution
2018-04-19T11:32:15.303Z - info: Making request to /wp-json/wp/v2/users/me?context=edit
2018-04-19T11:32:15.519Z - info: Execution took 434 ms, user function completed successfully
2018-04-19T11:32:15.522Z - info: Execution took 436 ms, user function completed successfully
2018-04-19T11:32:15.535Z - info: User function triggered, starting execution
2018-04-19T11:32:15.537Z - info: Making request to /wp-json/wp/v2/users/me?context=edit
2018-04-19T11:32:15.539Z - info: User function triggered, starting execution
2018-04-19T11:32:15.544Z - info: Making request to /wp-json/wp/v2/users/me?context=edit
2018-04-19T11:32:15.593Z - error: 
[31m[vue-server-renderer] Component PurchaseItem implemented serverCacheKey, but no cache was provided to the renderer.[39m

2018-04-19T11:32:15.617Z - error: 
[31m[vue-server-renderer] Component PurchaseItem implemented serverCacheKey, but no cache was provided to the renderer.[39m

2018-04-19T11:32:15.637Z - error: 
[31m[vue-server-renderer] Component PurchaseItem implemented serverCacheKey, but no cache was provided to the renderer.[39m

2018-04-19T11:32:15.666Z - info: Execution took 581 ms, user function completed successfully
2018-04-19T11:32:15.669Z - info: Execution took 564 ms, user function completed successfully
Execution took 534 ms, user function completed successfully
2018-04-19T11:32:15.677Z - info: Execution took 380 ms, user function completed successfully
2018-04-19T11:32:15.695Z - info: User function triggered, starting execution
2018-04-19T11:32:15.695Z - info: User function triggered, starting execution
2018-04-19T11:32:15.696Z - info: User function triggered, starting execution
2018-04-19T11:32:15.710Z - info: Making request to /wp-json/wp/v2/users/me?context=edit
2018-04-19T11:32:15.713Z - info: Making request to /wp-json/wp/v2/users/me?context=edit
2018-04-19T11:32:15.717Z - info: Making request to /wp-json/wp/v2/users/me?context=edit
2018-04-19T11:32:15.720Z - info: User function triggered, starting execution
2018-04-19T11:32:15.722Z - info: Making request to /wp-json/wp/v2/users/me?context=edit
2018-04-19T11:32:16.052Z - error: 
[31m[vue-server-renderer] Component PurchaseItem implemented serverCacheKey, but no cache was provided to the renderer.[39m

2018-04-19T11:32:16.093Z - error: 
[31m[vue-server-renderer] Component PurchaseItem implemented serverCacheKey, but no cache was provided to the renderer.[39m

2018-04-19T11:32:16.131Z - info: Execution took 596 ms, user function completed successfully
2018-04-19T11:32:16.137Z - info: Execution took 597 ms, user function completed successfully
2018-04-19T11:32:16.149Z - info: User function triggered, starting execution
2018-04-19T11:32:16.152Z - info: Making request to /wp-json/wp/v2/users/me?context=edit
2018-04-19T11:32:16.157Z - info: User function triggered, starting execution
2018-04-19T11:32:16.157Z - info: Making request to /wp-json/wp/v2/users/me?context=edit
2018-04-19T11:32:16.324Z - error: 
[31m[vue-server-renderer] Component PurchaseItem implemented serverCacheKey, but no cache was provided to the renderer.[39m

2018-04-19T11:32:16.346Z - error: 
[31m[vue-server-renderer] Component PurchaseItem implemented serverCacheKey, but no cache was provided to the renderer.[39m

2018-04-19T11:32:16.371Z - error: 
[31m[vue-server-renderer] Component PurchaseItem implemented serverCacheKey, but no cache was provided to the renderer.[39m

2018-04-19T11:32:16.392Z - error: 
[31m[vue-server-renderer] Component PurchaseItem implemented serverCacheKey, but no cache was provided to the renderer.[39m

2018-04-19T11:32:16.475Z - info: Execution took 778 ms, user function completed successfully
Execution took 780 ms, user function completed successfully
Execution took 778 ms, user function completed successfully
2018-04-19T11:32:16.485Z - info: Execution took 766 ms, user function completed successfully
2018-04-19T11:32:16.506Z - info: User function triggered, starting execution
2018-04-19T11:32:16.507Z - info: User function triggered, starting execution
2018-04-19T11:32:16.509Z - info: User function triggered, starting execution
2018-04-19T11:32:16.511Z - info: User function triggered, starting execution
2018-04-19T11:32:16.514Z - info: Making request to /wp-json/wp/v2/users/me?context=edit
2018-04-19T11:32:16.519Z - info: Making request to /wp-json/wp/v2/users/me?context=edit
2018-04-19T11:32:16.523Z - info: Making request to /wp-json/wp/v2/users/me?context=edit
2018-04-19T11:32:16.528Z - info: Making request to /wp-json/wp/v2/users/me?context=edit
2018-04-19T11:32:16.572Z - error: 
[31m[vue-server-renderer] Component PurchaseItem implemented serverCacheKey, but no cache was provided to the renderer.[39m

2018-04-19T11:32:16.592Z - info: Execution took 438 ms, user function completed successfully
2018-04-19T11:32:16.614Z - error: 
[31m[vue-server-renderer] Component PurchaseItem implemented serverCacheKey, but no cache was provided to the renderer.[39m

2018-04-19T11:32:16.625Z - info: User function triggered, starting execution
2018-04-19T11:32:16.628Z - info: Making request to /wp-json/wp/v2/users/me?context=edit
2018-04-19T11:32:16.638Z - info: Execution took 490 ms, user function completed successfully
2018-04-19T11:32:16.645Z - info: User function triggered, starting execution
2018-04-19T11:32:16.647Z - info: Making request to /wp-json/wp/v2/users/me?context=edit
2018-04-19T11:32:17.104Z - info: Execution took 593 ms, user function completed successfully
2018-04-19T11:32:17.106Z - info: Execution took 600 ms, user function completed successfully
2018-04-19T11:32:17.121Z - error: 
[31m[vue-server-renderer] Component PurchaseItem implemented serverCacheKey, but no cache was provided to the renderer.[39m

2018-04-19T11:32:17.134Z - info: Execution took 626 ms, user function completed successfully
2018-04-19T11:32:17.143Z - error: 
[31m[vue-server-renderer] Component PurchaseItem implemented serverCacheKey, but no cache was provided to the renderer.[39m

2018-04-19T11:32:17.160Z - info: Execution took 534 ms, user function completed successfully
2018-04-19T11:32:17.162Z - info: User function triggered, starting execution
User function triggered, starting execution
2018-04-19T11:32:17.164Z - info: User function triggered, starting execution
2018-04-19T11:32:17.175Z - info: Making request to /wp-json/wp/v2/users/me?context=edit
2018-04-19T11:32:17.181Z - info: Making request to /wp-json/wp/v2/users/me?context=edit
2018-04-19T11:32:17.184Z - info: Making request to /wp-json/wp/v2/users/me?context=edit
2018-04-19T11:32:17.195Z - info: User function triggered, starting execution
2018-04-19T11:32:17.203Z - info: Making request to /wp-json/wp/v2/users/me?context=edit
2018-04-19T11:32:17.209Z - info: Execution took 562 ms, user function completed successfully
Execution took 701 ms, user function completed successfully
2018-04-19T11:32:17.748Z - error: 
[31m[vue-server-renderer] Component PurchaseItem implemented serverCacheKey, but no cache was provided to the renderer.[39m

2018-04-19T11:32:17.773Z - error: 
[31m[vue-server-renderer] Component PurchaseItem implemented serverCacheKey, but no cache was provided to the renderer.[39m

2018-04-19T11:32:17.796Z - error: 
[31m[vue-server-renderer] Component PurchaseItem implemented serverCacheKey, but no cache was provided to the renderer.[39m

2018-04-19T11:32:17.815Z - error: 
[31m[vue-server-renderer] Component PurchaseItem implemented serverCacheKey, but no cache was provided to the renderer.[39m

2018-04-19T11:32:17.842Z - info: Execution took 679 ms, user function completed successfully
Execution took 680 ms, user function completed successfully
Execution took 648 ms, user function completed successfully
2018-04-19T11:32:17.852Z - info: Execution took 687 ms, user function completed successfully
2018-04-19T11:36:33.078Z - info: Worker for ssrapp closed due to file changes.
